<?xml version="1.0" encoding="UTF-8"?>
<testsuite name="org.example.QueryStringTest" tests="1" skipped="0" failures="0" errors="0" timestamp="2022-10-06T14:59:33" hostname="quanchengbinui-MacBookPro.local" time="0.064">
  <properties/>
  <testcase name="createTest()" classname="org.example.QueryStringTest" time="0.064"/>
  <system-out><![CDATA[]]></system-out>
  <system-err><![CDATA[]]></system-err>
</testsuite>
